<?xml version="1.0" encoding="UTF-8"?>
<testng-results ignored="0" total="14" passed="12" failed="2" skipped="0">
  <reporter-output>
  </reporter-output>
  <suite started-at="2025-09-05T09:30:18 IDT" name="Default suite" finished-at="2025-09-05T09:32:19 IDT" duration-ms="120446">
    <groups>
    </groups>
    <test started-at="2025-09-05T09:30:18 IDT" name="Default test" finished-at="2025-09-05T09:32:19 IDT" duration-ms="120446">
      <class name="testWorkflows.AttendanceTest">
        <test-method is-config="true" signature="setUp()[pri:0, instance:testWorkflows.AttendanceTest@55fe41ea]" started-at="2025-09-05T09:30:18 IDT" name="setUp" finished-at="2025-09-05T09:30:27 IDT" duration-ms="8819" status="PASS">
          <reporter-output>
          </reporter-output>
        </test-method> <!-- setUp -->
        <test-method signature="TC_AT_001_SubmitStudentAttendance_CurrentDate()[pri:1, instance:testWorkflows.AttendanceTest@55fe41ea]" started-at="2025-09-05T09:30:27 IDT" name="TC_AT_001_SubmitStudentAttendance_CurrentDate" finished-at="2025-09-05T09:30:40 IDT" duration-ms="13411" status="PASS">
          <reporter-output>
          </reporter-output>
        </test-method> <!-- TC_AT_001_SubmitStudentAttendance_CurrentDate -->
        <test-method signature="TC_AT_002_SubmitStudentAttendance_PastDate()[pri:2, instance:testWorkflows.AttendanceTest@55fe41ea]" started-at="2025-09-05T09:30:40 IDT" name="TC_AT_002_SubmitStudentAttendance_PastDate" finished-at="2025-09-05T09:30:48 IDT" duration-ms="7806" status="PASS">
          <reporter-output>
          </reporter-output>
        </test-method> <!-- TC_AT_002_SubmitStudentAttendance_PastDate -->
        <test-method signature="TC_AT_003_SubmitStudentAttendance_FutureDate()[pri:3, instance:testWorkflows.AttendanceTest@55fe41ea]" started-at="2025-09-05T09:30:48 IDT" name="TC_AT_003_SubmitStudentAttendance_FutureDate" finished-at="2025-09-05T09:30:56 IDT" duration-ms="7650" status="PASS">
          <reporter-output>
          </reporter-output>
        </test-method> <!-- TC_AT_003_SubmitStudentAttendance_FutureDate -->
        <test-method signature="TC_AT_004_SubmitEmployeeAttendance_CurrentDate()[pri:4, instance:testWorkflows.AttendanceTest@55fe41ea]" started-at="2025-09-05T09:30:56 IDT" name="TC_AT_004_SubmitEmployeeAttendance_CurrentDate" finished-at="2025-09-05T09:31:05 IDT" duration-ms="8637" status="PASS">
          <reporter-output>
          </reporter-output>
        </test-method> <!-- TC_AT_004_SubmitEmployeeAttendance_CurrentDate -->
        <test-method signature="TC_AT_005_SubmitEmployeeAttendance_PastDate()[pri:5, instance:testWorkflows.AttendanceTest@55fe41ea]" started-at="2025-09-05T09:31:05 IDT" name="TC_AT_005_SubmitEmployeeAttendance_PastDate" finished-at="2025-09-05T09:31:13 IDT" duration-ms="8132" status="PASS">
          <reporter-output>
          </reporter-output>
        </test-method> <!-- TC_AT_005_SubmitEmployeeAttendance_PastDate -->
        <test-method signature="TC_AT_006_SubmitEmployeeAttendance_FutureDate()[pri:6, instance:testWorkflows.AttendanceTest@55fe41ea]" started-at="2025-09-05T09:31:13 IDT" name="TC_AT_006_SubmitEmployeeAttendance_FutureDate" finished-at="2025-09-05T09:31:21 IDT" duration-ms="8303" status="PASS">
          <reporter-output>
          </reporter-output>
        </test-method> <!-- TC_AT_006_SubmitEmployeeAttendance_FutureDate -->
        <test-method signature="TC_AT_007_ViewClassWiseAttendanceReport()[pri:7, instance:testWorkflows.AttendanceTest@55fe41ea]" started-at="2025-09-05T09:31:21 IDT" name="TC_AT_007_ViewClassWiseAttendanceReport" finished-at="2025-09-05T09:31:26 IDT" duration-ms="5101" status="PASS">
          <reporter-output>
          </reporter-output>
        </test-method> <!-- TC_AT_007_ViewClassWiseAttendanceReport -->
        <test-method signature="TC_AT_008_ViewStudentAttendanceReport()[pri:8, instance:testWorkflows.AttendanceTest@55fe41ea]" started-at="2025-09-05T09:31:26 IDT" name="TC_AT_008_ViewStudentAttendanceReport" finished-at="2025-09-05T09:31:30 IDT" duration-ms="3427" status="PASS">
          <reporter-output>
          </reporter-output>
        </test-method> <!-- TC_AT_008_ViewStudentAttendanceReport -->
        <test-method signature="TC_AT_009_ViewEmployeeAttendanceReport()[pri:9, instance:testWorkflows.AttendanceTest@55fe41ea]" started-at="2025-09-05T09:31:30 IDT" name="TC_AT_009_ViewEmployeeAttendanceReport" finished-at="2025-09-05T09:31:34 IDT" duration-ms="3952" status="PASS">
          <reporter-output>
          </reporter-output>
        </test-method> <!-- TC_AT_009_ViewEmployeeAttendanceReport -->
        <test-method signature="TC_AT_010_FilterStudentReport_ByDate()[pri:10, instance:testWorkflows.AttendanceTest@55fe41ea]" started-at="2025-09-05T09:31:34 IDT" name="TC_AT_010_FilterStudentReport_ByDate" finished-at="2025-09-05T09:31:39 IDT" duration-ms="5426" status="FAIL">
          <exception class="java.lang.AssertionError">
            <message>
              <![CDATA[Date filter failed! expected [04-09-25] but found [No data available in table]]]>
            </message>
            <full-stacktrace>
              <![CDATA[java.lang.AssertionError: Date filter failed! expected [04-09-25] but found [No data available in table]
at org.testng.Assert.fail(Assert.java:111)
at org.testng.Assert.failNotEquals(Assert.java:1590)
at org.testng.Assert.assertEqualsImpl(Assert.java:150)
at org.testng.Assert.assertEquals(Assert.java:132)
at org.testng.Assert.assertEquals(Assert.java:656)
at testWorkflows.AttendanceTest.TC_AT_010_FilterStudentReport_ByDate(AttendanceTest.java:135)
at java.base/jdk.internal.reflect.DirectMethodHandleAccessor.invoke(DirectMethodHandleAccessor.java:104)
at java.base/java.lang.reflect.Method.invoke(Method.java:578)
at org.testng.internal.invokers.MethodInvocationHelper.invokeMethod(MethodInvocationHelper.java:141)
at org.testng.internal.invokers.TestInvoker.invokeMethod(TestInvoker.java:687)
at org.testng.internal.invokers.TestInvoker.invokeTestMethod(TestInvoker.java:230)
at org.testng.internal.invokers.MethodRunner.runInSequence(MethodRunner.java:63)
at org.testng.internal.invokers.TestInvoker$MethodInvocationAgent.invoke(TestInvoker.java:995)
at org.testng.internal.invokers.TestInvoker.invokeTestMethods(TestInvoker.java:203)
at org.testng.internal.invokers.TestMethodWorker.invokeTestMethods(TestMethodWorker.java:154)
at org.testng.internal.invokers.TestMethodWorker.run(TestMethodWorker.java:134)
at java.base/java.util.ArrayList.forEach(ArrayList.java:1511)
at org.testng.TestRunner.privateRun(TestRunner.java:741)
at org.testng.TestRunner.run(TestRunner.java:616)
at org.testng.SuiteRunner.runTest(SuiteRunner.java:421)
at org.testng.SuiteRunner.runSequentially(SuiteRunner.java:413)
at org.testng.SuiteRunner.privateRun(SuiteRunner.java:373)
at org.testng.SuiteRunner.run(SuiteRunner.java:312)
at org.testng.SuiteRunnerWorker.runSuite(SuiteRunnerWorker.java:52)
at org.testng.SuiteRunnerWorker.run(SuiteRunnerWorker.java:95)
at org.testng.TestNG.runSuitesSequentially(TestNG.java:1274)
at org.testng.TestNG.runSuitesLocally(TestNG.java:1208)
at org.testng.TestNG.runSuites(TestNG.java:1112)
at org.testng.TestNG.run(TestNG.java:1079)
at org.testng.remote.AbstractRemoteTestNG.run(AbstractRemoteTestNG.java:115)
at org.testng.remote.RemoteTestNG.initAndRun(RemoteTestNG.java:293)
at org.testng.remote.RemoteTestNG.main(RemoteTestNG.java:91)
]]>
            </full-stacktrace>
          </exception> <!-- java.lang.AssertionError -->
          <reporter-output>
          </reporter-output>
        </test-method> <!-- TC_AT_010_FilterStudentReport_ByDate -->
        <test-method signature="TC_AT_011_FilterStudentReport_ByClass()[pri:11, instance:testWorkflows.AttendanceTest@55fe41ea]" started-at="2025-09-05T09:31:39 IDT" name="TC_AT_011_FilterStudentReport_ByClass" finished-at="2025-09-05T09:31:54 IDT" duration-ms="15348" status="FAIL">
          <exception class="org.openqa.selenium.NoSuchElementException">
            <message>
              <![CDATA[no such element: Unable to locate element: {"method":"xpath","selector":"//table/tbody/tr[1]/td[5]"}
  (Session info: chrome=139.0.7258.128)
For documentation on this error, please visit: https://www.selenium.dev/documentation/webdriver/troubleshooting/errors#no-such-element-exception
Build info: version: '4.20.0', revision: '866c76ca80'
System info: os.name: 'Windows 11', os.arch: 'amd64', os.version: '10.0', java.version: '20.0.2'
Driver info: org.openqa.selenium.chrome.ChromeDriver
Command: [a463bc6ca725fb608e6f01b161d0d2cc, findElement {using=xpath, value=//table/tbody/tr[1]/td[5]}]
Capabilities {acceptInsecureCerts: false, browserName: chrome, browserVersion: 139.0.7258.128, chrome: {chromedriverVersion: 139.0.7258.154 (9e0d6b2b47f..., userDataDir: C:\Users\Admin\AppData\Loca...}, fedcm:accounts: true, goog:chromeOptions: {debuggerAddress: localhost:52275}, networkConnectionEnabled: false, pageLoadStrategy: normal, platformName: windows, proxy: Proxy(), se:cdp: ws://localhost:52275/devtoo..., se:cdpVersion: 139.0.7258.128, setWindowRect: true, strictFileInteractability: false, timeouts: {implicit: 0, pageLoad: 300000, script: 30000}, unhandledPromptBehavior: dismiss and notify, webauthn:extension:credBlob: true, webauthn:extension:largeBlob: true, webauthn:extension:minPinLength: true, webauthn:extension:prf: true, webauthn:virtualAuthenticators: true}
Session ID: a463bc6ca725fb608e6f01b161d0d2cc]]>
            </message>
            <full-stacktrace>
              <![CDATA[org.openqa.selenium.NoSuchElementException: no such element: Unable to locate element: {"method":"xpath","selector":"//table/tbody/tr[1]/td[5]"}
  (Session info: chrome=139.0.7258.128)
For documentation on this error, please visit: https://www.selenium.dev/documentation/webdriver/troubleshooting/errors#no-such-element-exception
Build info: version: '4.20.0', revision: '866c76ca80'
System info: os.name: 'Windows 11', os.arch: 'amd64', os.version: '10.0', java.version: '20.0.2'
Driver info: org.openqa.selenium.chrome.ChromeDriver
Command: [a463bc6ca725fb608e6f01b161d0d2cc, findElement {using=xpath, value=//table/tbody/tr[1]/td[5]}]
Capabilities {acceptInsecureCerts: false, browserName: chrome, browserVersion: 139.0.7258.128, chrome: {chromedriverVersion: 139.0.7258.154 (9e0d6b2b47f..., userDataDir: C:\Users\Admin\AppData\Loca...}, fedcm:accounts: true, goog:chromeOptions: {debuggerAddress: localhost:52275}, networkConnectionEnabled: false, pageLoadStrategy: normal, platformName: windows, proxy: Proxy(), se:cdp: ws://localhost:52275/devtoo..., se:cdpVersion: 139.0.7258.128, setWindowRect: true, strictFileInteractability: false, timeouts: {implicit: 0, pageLoad: 300000, script: 30000}, unhandledPromptBehavior: dismiss and notify, webauthn:extension:credBlob: true, webauthn:extension:largeBlob: true, webauthn:extension:minPinLength: true, webauthn:extension:prf: true, webauthn:virtualAuthenticators: true}
Session ID: a463bc6ca725fb608e6f01b161d0d2cc
at java.base/jdk.internal.reflect.DirectConstructorHandleAccessor.newInstance(DirectConstructorHandleAccessor.java:67)
at java.base/java.lang.reflect.Constructor.newInstanceWithCaller(Constructor.java:500)
at java.base/java.lang.reflect.Constructor.newInstance(Constructor.java:484)
at org.openqa.selenium.remote.ErrorCodec.decode(ErrorCodec.java:167)
at org.openqa.selenium.remote.codec.w3c.W3CHttpResponseCodec.decode(W3CHttpResponseCodec.java:138)
at org.openqa.selenium.remote.codec.w3c.W3CHttpResponseCodec.decode(W3CHttpResponseCodec.java:50)
at org.openqa.selenium.remote.HttpCommandExecutor.execute(HttpCommandExecutor.java:190)
at org.openqa.selenium.remote.service.DriverCommandExecutor.invokeExecute(DriverCommandExecutor.java:216)
at org.openqa.selenium.remote.service.DriverCommandExecutor.execute(DriverCommandExecutor.java:174)
at org.openqa.selenium.remote.RemoteWebDriver.execute(RemoteWebDriver.java:518)
at org.openqa.selenium.remote.ElementLocation$ElementFinder$2.findElement(ElementLocation.java:165)
at org.openqa.selenium.remote.ElementLocation.findElement(ElementLocation.java:59)
at org.openqa.selenium.remote.RemoteWebDriver.findElement(RemoteWebDriver.java:355)
at org.openqa.selenium.remote.RemoteWebDriver.findElement(RemoteWebDriver.java:349)
at pages.AttendancePage.getFirstRowClass(AttendancePage.java:121)
at testWorkflows.AttendanceTest.TC_AT_011_FilterStudentReport_ByClass(AttendanceTest.java:146)
at java.base/jdk.internal.reflect.DirectMethodHandleAccessor.invoke(DirectMethodHandleAccessor.java:104)
at java.base/java.lang.reflect.Method.invoke(Method.java:578)
at org.testng.internal.invokers.MethodInvocationHelper.invokeMethod(MethodInvocationHelper.java:141)
at org.testng.internal.invokers.TestInvoker.invokeMethod(TestInvoker.java:687)
at org.testng.internal.invokers.TestInvoker.invokeTestMethod(TestInvoker.java:230)
at org.testng.internal.invokers.MethodRunner.runInSequence(MethodRunner.java:63)
at org.testng.internal.invokers.TestInvoker$MethodInvocationAgent.invoke(TestInvoker.java:995)
at org.testng.internal.invokers.TestInvoker.invokeTestMethods(TestInvoker.java:203)
at org.testng.internal.invokers.TestMethodWorker.invokeTestMethods(TestMethodWorker.java:154)
at org.testng.internal.invokers.TestMethodWorker.run(TestMethodWorker.java:134)
at java.base/java.util.ArrayList.forEach(ArrayList.java:1511)
at org.testng.TestRunner.privateRun(TestRunner.java:741)
at org.testng.TestRunner.run(TestRunner.java:616)
at org.testng.SuiteRunner.runTest(SuiteRunner.java:421)
at org.testng.SuiteRunner.runSequentially(SuiteRunner.java:413)
at org.testng.SuiteRunner.privateRun(SuiteRunner.java:373)
at org.testng.SuiteRunner.run(SuiteRunner.java:312)
at org.testng.SuiteRunnerWorker.runSuite(SuiteRunnerWorker.java:52)
at org.testng.SuiteRunnerWorker.run(SuiteRunnerWorker.java:95)
at org.testng.TestNG.runSuitesSequentially(TestNG.java:1274)
at org.testng.TestNG.runSuitesLocally(TestNG.java:1208)
at org.testng.TestNG.runSuites(TestNG.java:1112)
at org.testng.TestNG.run(TestNG.java:1079)
at org.testng.remote.AbstractRemoteTestNG.run(AbstractRemoteTestNG.java:115)
at org.testng.remote.RemoteTestNG.initAndRun(RemoteTestNG.java:293)
at org.testng.remote.RemoteTestNG.main(RemoteTestNG.java:91)
]]>
            </full-stacktrace>
          </exception> <!-- org.openqa.selenium.NoSuchElementException -->
          <reporter-output>
          </reporter-output>
        </test-method> <!-- TC_AT_011_FilterStudentReport_ByClass -->
        <test-method signature="TC_AT_012_FilterEmployeeReport_ByName()[pri:12, instance:testWorkflows.AttendanceTest@55fe41ea]" started-at="2025-09-05T09:31:54 IDT" name="TC_AT_012_FilterEmployeeReport_ByName" finished-at="2025-09-05T09:32:01 IDT" duration-ms="6581" status="PASS">
          <reporter-output>
          </reporter-output>
        </test-method> <!-- TC_AT_012_FilterEmployeeReport_ByName -->
        <test-method signature="TC_AT_013_FilterEmployeeReport_ByDepartment()[pri:13, instance:testWorkflows.AttendanceTest@55fe41ea]" started-at="2025-09-05T09:32:01 IDT" name="TC_AT_013_FilterEmployeeReport_ByDepartment" finished-at="2025-09-05T09:32:08 IDT" duration-ms="7293" status="PASS">
          <reporter-output>
          </reporter-output>
        </test-method> <!-- TC_AT_013_FilterEmployeeReport_ByDepartment -->
        <test-method signature="TC_AT_014_DownloadStudentReport()[pri:14, instance:testWorkflows.AttendanceTest@55fe41ea]" started-at="2025-09-05T09:32:08 IDT" name="TC_AT_014_DownloadStudentReport" finished-at="2025-09-05T09:32:19 IDT" duration-ms="10398" status="PASS">
          <reporter-output>
          </reporter-output>
        </test-method> <!-- TC_AT_014_DownloadStudentReport -->
      </class> <!-- testWorkflows.AttendanceTest -->
    </test> <!-- Default test -->
  </suite> <!-- Default suite -->
</testng-results>
