<?xml version="1.0" encoding="UTF-8"?>
<!-- Generated by org.testng.reporters.JUnitReportReporter -->
<testsuite hostname="BADAHA" failures="0" tests="24" name="testWorkflows.Employee_Test" time="127.509" errors="2" timestamp="2025-09-04T21:44:25 EEST" skipped="0">
  <testcase classname="testWorkflows.Employee_Test" name="Login" time="3.168">
    <system-out>
      <![CDATA[Opeining browser
Entring username
Entring password
Clicking login]]>
    </system-out>
  </testcase> <!-- Login -->
  <testcase classname="testWorkflows.Employee_Test" name="Update_Emp_info" time="8.065">
    <error message="no such element: Unable to locate element: {&quot;method&quot;:&quot;xpath&quot;,&quot;selector&quot;:&quot;//div[@class=&#039;m-round&#039;]//*[@name=&#039;eview&#039;]&quot;}
  (Session info: chrome=139.0.7258.155)
For documentation on this error, please visit: https://www.selenium.dev/documentation/webdriver/troubleshooting/errors#no-such-element-exception
Build info: version: &#039;4.20.0&#039;, revision: &#039;866c76ca80&#039;
System info: os.name: &#039;Windows 11&#039;, os.arch: &#039;amd64&#039;, os.version: &#039;10.0&#039;, java.version: &#039;21.0.8&#039;
Driver info: org.openqa.selenium.chrome.ChromeDriver
Command: [babb7b4f91c62bcb2ec7297c6f5f6ecd, findElement {value=//div[@class=&#039;m-round&#039;]//*[@name=&#039;eview&#039;], using=xpath}]
Capabilities {acceptInsecureCerts: false, browserName: chrome, browserVersion: 139.0.7258.155, chrome: {chromedriverVersion: 139.0.7258.154 (9e0d6b2b47f..., userDataDir: C:\Users\badah\AppData\Loca...}, fedcm:accounts: true, goog:chromeOptions: {debuggerAddress: localhost:63486}, networkConnectionEnabled: false, pageLoadStrategy: normal, platformName: windows, proxy: Proxy(), se:cdp: ws://localhost:63486/devtoo..., se:cdpVersion: 139.0.7258.155, setWindowRect: true, strictFileInteractability: false, timeouts: {implicit: 0, pageLoad: 300000, script: 30000}, unhandledPromptBehavior: dismiss and notify, webauthn:extension:credBlob: true, webauthn:extension:largeBlob: true, webauthn:extension:minPinLength: true, webauthn:extension:prf: true, webauthn:virtualAuthenticators: true}
Session ID: babb7b4f91c62bcb2ec7297c6f5f6ecd" type="org.openqa.selenium.NoSuchElementException">
      <![CDATA[org.openqa.selenium.NoSuchElementException: no such element: Unable to locate element: {"method":"xpath","selector":"//div[@class='m-round']//*[@name='eview']"}
  (Session info: chrome=139.0.7258.155)
For documentation on this error, please visit: https://www.selenium.dev/documentation/webdriver/troubleshooting/errors#no-such-element-exception
Build info: version: '4.20.0', revision: '866c76ca80'
System info: os.name: 'Windows 11', os.arch: 'amd64', os.version: '10.0', java.version: '21.0.8'
Driver info: org.openqa.selenium.chrome.ChromeDriver
Command: [babb7b4f91c62bcb2ec7297c6f5f6ecd, findElement {value=//div[@class='m-round']//*[@name='eview'], using=xpath}]
Capabilities {acceptInsecureCerts: false, browserName: chrome, browserVersion: 139.0.7258.155, chrome: {chromedriverVersion: 139.0.7258.154 (9e0d6b2b47f..., userDataDir: C:\Users\badah\AppData\Loca...}, fedcm:accounts: true, goog:chromeOptions: {debuggerAddress: localhost:63486}, networkConnectionEnabled: false, pageLoadStrategy: normal, platformName: windows, proxy: Proxy(), se:cdp: ws://localhost:63486/devtoo..., se:cdpVersion: 139.0.7258.155, setWindowRect: true, strictFileInteractability: false, timeouts: {implicit: 0, pageLoad: 300000, script: 30000}, unhandledPromptBehavior: dismiss and notify, webauthn:extension:credBlob: true, webauthn:extension:largeBlob: true, webauthn:extension:minPinLength: true, webauthn:extension:prf: true, webauthn:virtualAuthenticators: true}
Session ID: babb7b4f91c62bcb2ec7297c6f5f6ecd
at java.base/jdk.internal.reflect.DirectConstructorHandleAccessor.newInstance(DirectConstructorHandleAccessor.java:62)
at java.base/java.lang.reflect.Constructor.newInstanceWithCaller(Constructor.java:502)
at java.base/java.lang.reflect.Constructor.newInstance(Constructor.java:486)
at org.openqa.selenium.remote.ErrorCodec.decode(ErrorCodec.java:167)
at org.openqa.selenium.remote.codec.w3c.W3CHttpResponseCodec.decode(W3CHttpResponseCodec.java:138)
at org.openqa.selenium.remote.codec.w3c.W3CHttpResponseCodec.decode(W3CHttpResponseCodec.java:50)
at org.openqa.selenium.remote.HttpCommandExecutor.execute(HttpCommandExecutor.java:190)
at org.openqa.selenium.remote.service.DriverCommandExecutor.invokeExecute(DriverCommandExecutor.java:216)
at org.openqa.selenium.remote.service.DriverCommandExecutor.execute(DriverCommandExecutor.java:174)
at org.openqa.selenium.remote.RemoteWebDriver.execute(RemoteWebDriver.java:518)
at org.openqa.selenium.remote.ElementLocation$ElementFinder$2.findElement(ElementLocation.java:165)
at org.openqa.selenium.remote.ElementLocation.findElement(ElementLocation.java:59)
at org.openqa.selenium.remote.RemoteWebDriver.findElement(RemoteWebDriver.java:355)
at org.openqa.selenium.remote.RemoteWebDriver.findElement(RemoteWebDriver.java:349)
at pages.Employees_Section.edit_emp_info(Employees_Section.java:146)
at testWorkflows.Employee_Test.Update_Emp_info(Employee_Test.java:41)
at java.base/jdk.internal.reflect.DirectMethodHandleAccessor.invoke(DirectMethodHandleAccessor.java:103)
at java.base/java.lang.reflect.Method.invoke(Method.java:580)
at org.testng.internal.invokers.MethodInvocationHelper.invokeMethod(MethodInvocationHelper.java:141)
at org.testng.internal.invokers.TestInvoker.invokeMethod(TestInvoker.java:687)
at org.testng.internal.invokers.TestInvoker.invokeTestMethod(TestInvoker.java:230)
at org.testng.internal.invokers.MethodRunner.runInSequence(MethodRunner.java:63)
at org.testng.internal.invokers.TestInvoker$MethodInvocationAgent.invoke(TestInvoker.java:995)
at org.testng.internal.invokers.TestInvoker.invokeTestMethods(TestInvoker.java:203)
at org.testng.internal.invokers.TestMethodWorker.invokeTestMethods(TestMethodWorker.java:154)
at org.testng.internal.invokers.TestMethodWorker.run(TestMethodWorker.java:134)
at java.base/java.util.ArrayList.forEach(ArrayList.java:1596)
at org.testng.TestRunner.privateRun(TestRunner.java:741)
at org.testng.TestRunner.run(TestRunner.java:616)
at org.testng.SuiteRunner.runTest(SuiteRunner.java:421)
at org.testng.SuiteRunner.runSequentially(SuiteRunner.java:413)
at org.testng.SuiteRunner.privateRun(SuiteRunner.java:373)
at org.testng.SuiteRunner.run(SuiteRunner.java:312)
at org.testng.SuiteRunnerWorker.runSuite(SuiteRunnerWorker.java:52)
at org.testng.SuiteRunnerWorker.run(SuiteRunnerWorker.java:95)
at org.testng.TestNG.runSuitesSequentially(TestNG.java:1274)
at org.testng.TestNG.runSuitesLocally(TestNG.java:1208)
at org.testng.TestNG.runSuites(TestNG.java:1112)
at org.testng.TestNG.run(TestNG.java:1079)
at org.testng.remote.AbstractRemoteTestNG.run(AbstractRemoteTestNG.java:115)
at org.testng.remote.RemoteTestNG.initAndRun(RemoteTestNG.java:293)
at org.testng.remote.RemoteTestNG.main(RemoteTestNG.java:91)
]]>
    </error>
    <system-out>
      <![CDATA[Clicking menu
Clicking All Employees
Clicking edit
updating employee form
Clicking update button]]>
    </system-out>
  </testcase> <!-- Update_Emp_info -->
  <testcase classname="testWorkflows.Employee_Test" name="Search_with_invalid_Data" time="0.729">
    <error message="stale element reference: stale element not found
  (Session info: chrome=139.0.7258.155)
For documentation on this error, please visit: https://www.selenium.dev/documentation/webdriver/troubleshooting/errors#stale-element-reference-exception
Build info: version: &#039;4.20.0&#039;, revision: &#039;866c76ca80&#039;
System info: os.name: &#039;Windows 11&#039;, os.arch: &#039;amd64&#039;, os.version: &#039;10.0&#039;, java.version: &#039;21.0.8&#039;
Driver info: org.openqa.selenium.chrome.ChromeDriver
Command: [babb7b4f91c62bcb2ec7297c6f5f6ecd, actions {actions=[org.openqa.selenium.interactions.Sequence@7772054c]}]
Capabilities {acceptInsecureCerts: false, browserName: chrome, browserVersion: 139.0.7258.155, chrome: {chromedriverVersion: 139.0.7258.154 (9e0d6b2b47f..., userDataDir: C:\Users\badah\AppData\Loca...}, fedcm:accounts: true, goog:chromeOptions: {debuggerAddress: localhost:63486}, networkConnectionEnabled: false, pageLoadStrategy: normal, platformName: windows, proxy: Proxy(), se:cdp: ws://localhost:63486/devtoo..., se:cdpVersion: 139.0.7258.155, setWindowRect: true, strictFileInteractability: false, timeouts: {implicit: 0, pageLoad: 300000, script: 30000}, unhandledPromptBehavior: dismiss and notify, webauthn:extension:credBlob: true, webauthn:extension:largeBlob: true, webauthn:extension:minPinLength: true, webauthn:extension:prf: true, webauthn:virtualAuthenticators: true}
Session ID: babb7b4f91c62bcb2ec7297c6f5f6ecd" type="org.openqa.selenium.StaleElementReferenceException">
      <![CDATA[org.openqa.selenium.StaleElementReferenceException: stale element reference: stale element not found
  (Session info: chrome=139.0.7258.155)
For documentation on this error, please visit: https://www.selenium.dev/documentation/webdriver/troubleshooting/errors#stale-element-reference-exception
Build info: version: '4.20.0', revision: '866c76ca80'
System info: os.name: 'Windows 11', os.arch: 'amd64', os.version: '10.0', java.version: '21.0.8'
Driver info: org.openqa.selenium.chrome.ChromeDriver
Command: [babb7b4f91c62bcb2ec7297c6f5f6ecd, actions {actions=[org.openqa.selenium.interactions.Sequence@7772054c]}]
Capabilities {acceptInsecureCerts: false, browserName: chrome, browserVersion: 139.0.7258.155, chrome: {chromedriverVersion: 139.0.7258.154 (9e0d6b2b47f..., userDataDir: C:\Users\badah\AppData\Loca...}, fedcm:accounts: true, goog:chromeOptions: {debuggerAddress: localhost:63486}, networkConnectionEnabled: false, pageLoadStrategy: normal, platformName: windows, proxy: Proxy(), se:cdp: ws://localhost:63486/devtoo..., se:cdpVersion: 139.0.7258.155, setWindowRect: true, strictFileInteractability: false, timeouts: {implicit: 0, pageLoad: 300000, script: 30000}, unhandledPromptBehavior: dismiss and notify, webauthn:extension:credBlob: true, webauthn:extension:largeBlob: true, webauthn:extension:minPinLength: true, webauthn:extension:prf: true, webauthn:virtualAuthenticators: true}
Session ID: babb7b4f91c62bcb2ec7297c6f5f6ecd
at java.base/jdk.internal.reflect.DirectConstructorHandleAccessor.newInstance(DirectConstructorHandleAccessor.java:62)
at java.base/java.lang.reflect.Constructor.newInstanceWithCaller(Constructor.java:502)
at java.base/java.lang.reflect.Constructor.newInstance(Constructor.java:486)
at org.openqa.selenium.remote.ErrorCodec.decode(ErrorCodec.java:167)
at org.openqa.selenium.remote.codec.w3c.W3CHttpResponseCodec.decode(W3CHttpResponseCodec.java:138)
at org.openqa.selenium.remote.codec.w3c.W3CHttpResponseCodec.decode(W3CHttpResponseCodec.java:50)
at org.openqa.selenium.remote.HttpCommandExecutor.execute(HttpCommandExecutor.java:190)
at org.openqa.selenium.remote.service.DriverCommandExecutor.invokeExecute(DriverCommandExecutor.java:216)
at org.openqa.selenium.remote.service.DriverCommandExecutor.execute(DriverCommandExecutor.java:174)
at org.openqa.selenium.remote.RemoteWebDriver.execute(RemoteWebDriver.java:518)
at org.openqa.selenium.remote.RemoteWebDriver.perform(RemoteWebDriver.java:604)
at org.openqa.selenium.interactions.Actions$BuiltAction.perform(Actions.java:603)
at org.openqa.selenium.interactions.Actions.perform(Actions.java:568)
at pages.Employees_Section.allemployee_page(Employees_Section.java:79)
at pages.Employees_Section.search_for_employye_with_invalid_data(Employees_Section.java:234)
at testWorkflows.Employee_Test.Search_with_invalid_Data(Employee_Test.java:71)
at java.base/jdk.internal.reflect.DirectMethodHandleAccessor.invoke(DirectMethodHandleAccessor.java:103)
at java.base/java.lang.reflect.Method.invoke(Method.java:580)
at org.testng.internal.invokers.MethodInvocationHelper.invokeMethod(MethodInvocationHelper.java:141)
at org.testng.internal.invokers.TestInvoker.invokeMethod(TestInvoker.java:687)
at org.testng.internal.invokers.TestInvoker.invokeTestMethod(TestInvoker.java:230)
at org.testng.internal.invokers.MethodRunner.runInSequence(MethodRunner.java:63)
at org.testng.internal.invokers.TestInvoker$MethodInvocationAgent.invoke(TestInvoker.java:995)
at org.testng.internal.invokers.TestInvoker.invokeTestMethods(TestInvoker.java:203)
at org.testng.internal.invokers.TestMethodWorker.invokeTestMethods(TestMethodWorker.java:154)
at org.testng.internal.invokers.TestMethodWorker.run(TestMethodWorker.java:134)
at java.base/java.util.ArrayList.forEach(ArrayList.java:1596)
at org.testng.TestRunner.privateRun(TestRunner.java:741)
at org.testng.TestRunner.run(TestRunner.java:616)
at org.testng.SuiteRunner.runTest(SuiteRunner.java:421)
at org.testng.SuiteRunner.runSequentially(SuiteRunner.java:413)
at org.testng.SuiteRunner.privateRun(SuiteRunner.java:373)
at org.testng.SuiteRunner.run(SuiteRunner.java:312)
at org.testng.SuiteRunnerWorker.runSuite(SuiteRunnerWorker.java:52)
at org.testng.SuiteRunnerWorker.run(SuiteRunnerWorker.java:95)
at org.testng.TestNG.runSuitesSequentially(TestNG.java:1274)
at org.testng.TestNG.runSuitesLocally(TestNG.java:1208)
at org.testng.TestNG.runSuites(TestNG.java:1112)
at org.testng.TestNG.run(TestNG.java:1079)
at org.testng.remote.AbstractRemoteTestNG.run(AbstractRemoteTestNG.java:115)
at org.testng.remote.RemoteTestNG.initAndRun(RemoteTestNG.java:293)
at org.testng.remote.RemoteTestNG.main(RemoteTestNG.java:91)
]]>
    </error>
    <system-out>
      <![CDATA[Clicking menu]]>
    </system-out>
  </testcase> <!-- Search_with_invalid_Data -->
  <testcase classname="testWorkflows.Employee_Test" name="addEmployeewithAll_Information_Vlaid" time="4.412">
    <system-out>
      <![CDATA[clicking main menu
Selecting Employee Section
Filling form
Clicking Submit]]>
    </system-out>
  </testcase> <!-- addEmployeewithAll_Information_Vlaid -->
  <testcase classname="testWorkflows.Employee_Test" name="addEmployeewithAll_Information_Vlaid" time="4.416">
    <system-out>
      <![CDATA[clicking main menu
Selecting Employee Section
Filling form
Clicking Submit]]>
    </system-out>
  </testcase> <!-- addEmployeewithAll_Information_Vlaid -->
  <testcase classname="testWorkflows.Employee_Test" name="addEmployeewithAll_Information_Vlaid" time="4.393">
    <system-out>
      <![CDATA[clicking main menu
Selecting Employee Section
Filling form
Clicking Submit]]>
    </system-out>
  </testcase> <!-- addEmployeewithAll_Information_Vlaid -->
  <testcase classname="testWorkflows.Employee_Test" name="addEmployeewithAll_Information_Vlaid" time="4.464">
    <system-out>
      <![CDATA[clicking main menu
Selecting Employee Section
Filling form
Clicking Submit]]>
    </system-out>
  </testcase> <!-- addEmployeewithAll_Information_Vlaid -->
  <testcase classname="testWorkflows.Employee_Test" name="addEmployeewithAll_Information_Vlaid" time="4.400">
    <system-out>
      <![CDATA[clicking main menu
Selecting Employee Section
Filling form
Clicking Submit]]>
    </system-out>
  </testcase> <!-- addEmployeewithAll_Information_Vlaid -->
  <testcase classname="testWorkflows.Employee_Test" name="addEmployeewithAll_Information_Vlaid" time="4.280">
    <system-out>
      <![CDATA[clicking main menu
Selecting Employee Section
Filling form
Clicking Submit]]>
    </system-out>
  </testcase> <!-- addEmployeewithAll_Information_Vlaid -->
  <testcase classname="testWorkflows.Employee_Test" name="addEmployeewithAll_Information_Vlaid" time="4.241">
    <system-out>
      <![CDATA[clicking main menu
Selecting Employee Section
Filling form
Clicking Submit]]>
    </system-out>
  </testcase> <!-- addEmployeewithAll_Information_Vlaid -->
  <testcase classname="testWorkflows.Employee_Test" name="addEmployeewithAll_Information_Vlaid" time="4.289">
    <system-out>
      <![CDATA[clicking main menu
Selecting Employee Section
Filling form
Clicking Submit]]>
    </system-out>
  </testcase> <!-- addEmployeewithAll_Information_Vlaid -->
  <testcase classname="testWorkflows.Employee_Test" name="addEmployeewithAll_Information_Vlaid" time="4.263">
    <system-out>
      <![CDATA[clicking main menu
Selecting Employee Section
Filling form
Clicking Submit]]>
    </system-out>
  </testcase> <!-- addEmployeewithAll_Information_Vlaid -->
  <testcase classname="testWorkflows.Employee_Test" name="addEmployeewithAll_Information_Vlaid" time="4.377">
    <system-out>
      <![CDATA[clicking main menu
Selecting Employee Section
Filling form
Clicking Submit]]>
    </system-out>
  </testcase> <!-- addEmployeewithAll_Information_Vlaid -->
  <testcase classname="testWorkflows.Employee_Test" name="check_valid" time="2.600">
    <system-out>
      <![CDATA[Clicking menu
Clicking All Employees]]>
    </system-out>
  </testcase> <!-- check_valid -->
  <testcase classname="testWorkflows.Employee_Test" name="addEmployeewithAll_Information_inVlaid" time="6.109">
    <system-out>
      <![CDATA[clicking main menu
Selecting Employee Section
Filling form
Clicking Submit]]>
    </system-out>
  </testcase> <!-- addEmployeewithAll_Information_inVlaid -->
  <testcase classname="testWorkflows.Employee_Test" name="addEmployeewithAll_Information_inVlaid" time="4.492">
    <system-out>
      <![CDATA[clicking main menu
Selecting Employee Section
Filling form
Clicking Submit]]>
    </system-out>
  </testcase> <!-- addEmployeewithAll_Information_inVlaid -->
  <testcase classname="testWorkflows.Employee_Test" name="check_invlaid" time="2.001">
    <system-out>
      <![CDATA[Clicking menu
Clicking All Employees]]>
    </system-out>
  </testcase> <!-- check_invlaid -->
  <testcase classname="testWorkflows.Employee_Test" name="addEmployeewithAll_Information_dublicated" time="5.979">
    <system-out>
      <![CDATA[clicking main menu
Selecting Employee Section
Filling form
Clicking Submit]]>
    </system-out>
  </testcase> <!-- addEmployeewithAll_Information_dublicated -->
  <testcase classname="testWorkflows.Employee_Test" name="addEmployeewithAll_Information_dublicated" time="4.219">
    <system-out>
      <![CDATA[clicking main menu
Selecting Employee Section
Filling form
Clicking Submit]]>
    </system-out>
  </testcase> <!-- addEmployeewithAll_Information_dublicated -->
  <testcase classname="testWorkflows.Employee_Test" name="addEmployeewithAll_Information_dublicated" time="4.226">
    <system-out>
      <![CDATA[clicking main menu
Selecting Employee Section
Filling form
Clicking Submit]]>
    </system-out>
  </testcase> <!-- addEmployeewithAll_Information_dublicated -->
  <testcase classname="testWorkflows.Employee_Test" name="check_dublicated" time="2.123">
    <system-out>
      <![CDATA[Clicking menu
Clicking All Employees]]>
    </system-out>
  </testcase> <!-- check_dublicated -->
  <testcase classname="testWorkflows.Employee_Test" name="Print_job_letter" time="10.381">
    <system-out>
      <![CDATA[Clicking main menu
Clicking Employee section
Clicking Job letter section
Selecting Employee
Printing Employee job letter
Switching window ]]>
    </system-out>
  </testcase> <!-- Print_job_letter -->
  <testcase classname="testWorkflows.Employee_Test" name="Manage_login_Usernam_Password" time="21.442">
    <system-out>
      <![CDATA[Opeining Main Menu
Opeining clicking employee list
Opeining Manage logn section
Reload List to view all
Saving Login Inofrmation of Employees 
Changing view Settings 
Searching for Employee account 
Changing Username and password of  Employee account 
Saving changes for Employee account ]]>
    </system-out>
  </testcase> <!-- Manage_login_Usernam_Password -->
  <testcase classname="testWorkflows.Employee_Test" name="Login_As_employee" time="8.440">
    <system-out>
      <![CDATA[Logging Out
Opeining browser
Entring username
Entring password
Clicking login]]>
    </system-out>
  </testcase> <!-- Login_As_employee -->
  <system-out>
    <![CDATA[Opeining browser
Entring username
Entring password
Clicking login
Clicking menu
Clicking All Employees
Clicking edit
updating employee form
Clicking update button
Clicking menu
clicking main menu
Selecting Employee Section
Filling form
Clicking Submit
clicking main menu
Selecting Employee Section
Filling form
Clicking Submit
clicking main menu
Selecting Employee Section
Filling form
Clicking Submit
clicking main menu
Selecting Employee Section
Filling form
Clicking Submit
clicking main menu
Selecting Employee Section
Filling form
Clicking Submit
clicking main menu
Selecting Employee Section
Filling form
Clicking Submit
clicking main menu
Selecting Employee Section
Filling form
Clicking Submit
clicking main menu
Selecting Employee Section
Filling form
Clicking Submit
clicking main menu
Selecting Employee Section
Filling form
Clicking Submit
clicking main menu
Selecting Employee Section
Filling form
Clicking Submit
Clicking menu
Clicking All Employees
clicking main menu
Selecting Employee Section
Filling form
Clicking Submit
clicking main menu
Selecting Employee Section
Filling form
Clicking Submit
Clicking menu
Clicking All Employees
clicking main menu
Selecting Employee Section
Filling form
Clicking Submit
clicking main menu
Selecting Employee Section
Filling form
Clicking Submit
clicking main menu
Selecting Employee Section
Filling form
Clicking Submit
Clicking menu
Clicking All Employees
Clicking main menu
Clicking Employee section
Clicking Job letter section
Selecting Employee
Printing Employee job letter
Switching window 
Opeining Main Menu
Opeining clicking employee list
Opeining Manage logn section
Reload List to view all
Saving Login Inofrmation of Employees 
Changing view Settings 
Searching for Employee account 
Changing Username and password of  Employee account 
Saving changes for Employee account 
Logging Out
Opeining browser
Entring username
Entring password
Clicking login]]>
  </system-out>
</testsuite> <!-- testWorkflows.Employee_Test -->
